<?xml version="1.0" encoding="UTF-8"?>
<!-- Generated by org.testng.reporters.JUnitXMLReporter -->
<testsuite ignored="0" hostname="LAPTOP-KOO9VU7N" failures="0" tests="5" name="Default test" time="67.82" errors="0" timestamp="2023-04-24T23:17:35 EDT">
  <testcase classname="TestLayerPackage.TestLayerLogin" name="verifyTitle" time="0.022"/>
  <testcase classname="TestLayerPackage.TestLayerLogin" name="validLogin" time="2.636"/>
  <testcase classname="TestLayerPackage.TestLayerLogin" name="Login" time="2.706"/>
  <testcase classname="TestLayerPackage.TestLayerLogin" name="Login" time="2.714"/>
  <testcase classname="TestLayerPackage.TestLayerLogin" name="Login" time="2.759"/>
</testsuite> <!-- Default test -->
