<?xml version="1.0" encoding="UTF-8"?>
<!-- Generated by org.testng.reporters.JUnitXMLReporter -->
<testsuite ignored="0" hostname="LAPTOP-KOO9VU7N" failures="0" tests="5" name="Default test" time="67.947" errors="0" timestamp="2023-04-25T00:23:22 EDT">
  <testcase classname="TestLayerPackage.TestLayerLogin" name="verifyTitle" time="0.025"/>
  <testcase classname="TestLayerPackage.TestLayerLogin" name="validLogin" time="2.785"/>
  <testcase classname="TestLayerPackage.TestLayerLogin" name="Login" time="2.745"/>
  <testcase classname="TestLayerPackage.TestLayerLogin" name="Login" time="3.829"/>
  <testcase classname="TestLayerPackage.TestLayerLogin" name="Login" time="3.828"/>
</testsuite> <!-- Default test -->
