<?xml version="1.0" encoding="UTF-8"?>
<!-- Generated by org.testng.reporters.JUnitXMLReporter -->
<testsuite ignored="0" hostname="LAPTOP-KOO9VU7N" failures="0" tests="5" name="TestNG" time="70.669" errors="0" timestamp="2023-04-25T00:20:39 EDT">
  <testcase classname="TestLayerPackage.TestLayerLogin" name="verifyTitle" time="0.024"/>
  <testcase classname="TestLayerPackage.TestLayerLogin" name="validLogin" time="2.789"/>
  <testcase classname="TestLayerPackage.TestLayerLogin" name="Login" time="2.827"/>
  <testcase classname="TestLayerPackage.TestLayerLogin" name="Login" time="3.975"/>
  <testcase classname="TestLayerPackage.TestLayerLogin" name="Login" time="2.83"/>
</testsuite> <!-- TestNG -->
