<?xml version="1.0" encoding="UTF-8"?>
<!-- Generated by org.testng.reporters.JUnitXMLReporter -->
<testsuite ignored="0" hostname="LAPTOP-KOO9VU7N" failures="0" tests="5" name="TestNG" time="74.084" errors="0" timestamp="2023-04-25T00:55:46 EDT">
  <testcase classname="TestLayerPackage.TestLayerLogin" name="verifyTitle" time="0.017"/>
  <testcase classname="TestLayerPackage.TestLayerLogin" name="validLogin" time="2.81"/>
  <testcase classname="TestLayerPackage.TestLayerLogin" name="Login" time="3.593"/>
  <testcase classname="TestLayerPackage.TestLayerLogin" name="Login" time="2.763"/>
  <testcase classname="TestLayerPackage.TestLayerLogin" name="Login" time="3.721"/>
</testsuite> <!-- TestNG -->
