<?xml version="1.0" encoding="UTF-8"?>
<testng-results ignored="0" total="5" passed="5" failed="0" skipped="0">
  <reporter-output>
  </reporter-output>
  <suite started-at="2023-04-25T13:22:48 EDT" name="Default suite" finished-at="2023-04-25T13:23:39 EDT" duration-ms="51300">
    <groups>
    </groups>
    <test started-at="2023-04-25T13:22:48 EDT" name="Default test" finished-at="2023-04-25T13:23:39 EDT" duration-ms="51300">
      <class name="TestLayerPackage.TestLayerLogin">
        <test-method is-config="true" signature="initialsetup()[pri:0, instance:TestLayerPackage.TestLayerLogin@5c6648b0]" started-at="2023-04-25T13:22:48 EDT" name="initialsetup" finished-at="2023-04-25T13:22:55 EDT" duration-ms="7263" status="PASS">
          <reporter-output>
          </reporter-output>
        </test-method> <!-- initialsetup -->
        <test-method signature="verifyTitle()[pri:1, instance:TestLayerPackage.TestLayerLogin@5c6648b0]" started-at="2023-04-25T13:22:55 EDT" name="verifyTitle" finished-at="2023-04-25T13:22:55 EDT" duration-ms="25" status="PASS">
          <reporter-output>
          </reporter-output>
        </test-method> <!-- verifyTitle -->
        <test-method is-config="true" signature="AfterMethod()[pri:0, instance:TestLayerPackage.TestLayerLogin@5c6648b0]" started-at="2023-04-25T13:22:55 EDT" name="AfterMethod" finished-at="2023-04-25T13:22:56 EDT" duration-ms="368" status="PASS">
          <reporter-output>
          </reporter-output>
        </test-method> <!-- AfterMethod -->
        <test-method is-config="true" signature="initialsetup()[pri:0, instance:TestLayerPackage.TestLayerLogin@5c6648b0]" started-at="2023-04-25T13:22:56 EDT" name="initialsetup" finished-at="2023-04-25T13:23:01 EDT" duration-ms="5355" status="PASS">
          <reporter-output>
          </reporter-output>
        </test-method> <!-- initialsetup -->
        <test-method signature="validLogin()[pri:2, instance:TestLayerPackage.TestLayerLogin@5c6648b0]" started-at="2023-04-25T13:23:01 EDT" name="validLogin" finished-at="2023-04-25T13:23:05 EDT" duration-ms="3995" status="PASS">
          <reporter-output>
          </reporter-output>
        </test-method> <!-- validLogin -->
        <test-method is-config="true" signature="AfterMethod()[pri:0, instance:TestLayerPackage.TestLayerLogin@5c6648b0]" started-at="2023-04-25T13:23:05 EDT" name="AfterMethod" finished-at="2023-04-25T13:23:05 EDT" duration-ms="344" status="PASS">
          <reporter-output>
          </reporter-output>
        </test-method> <!-- AfterMethod -->
        <test-method is-config="true" signature="initialsetup()[pri:0, instance:TestLayerPackage.TestLayerLogin@5c6648b0]" started-at="2023-04-25T13:23:08 EDT" name="initialsetup" finished-at="2023-04-25T13:23:15 EDT" duration-ms="6988" status="PASS">
          <reporter-output>
          </reporter-output>
        </test-method> <!-- initialsetup -->
        <test-method signature="Login(java.lang.String,java.lang.String)[pri:3, instance:TestLayerPackage.TestLayerLogin@5c6648b0]" started-at="2023-04-25T13:23:15 EDT" name="Login" data-provider="LoginDetails" finished-at="2023-04-25T13:23:18 EDT" duration-ms="3481" status="PASS">
          <params>
            <param index="0">
              <value>
                <![CDATA[sam]]>
              </value>
            </param>
            <param index="1">
              <value>
                <![CDATA[sam123]]>
              </value>
            </param>
          </params>
          <reporter-output>
          </reporter-output>
        </test-method> <!-- Login -->
        <test-method is-config="true" signature="AfterMethod()[pri:0, instance:TestLayerPackage.TestLayerLogin@5c6648b0]" started-at="2023-04-25T13:23:18 EDT" name="AfterMethod" finished-at="2023-04-25T13:23:18 EDT" duration-ms="296" status="PASS">
          <reporter-output>
          </reporter-output>
        </test-method> <!-- AfterMethod -->
        <test-method is-config="true" signature="initialsetup()[pri:0, instance:TestLayerPackage.TestLayerLogin@5c6648b0]" started-at="2023-04-25T13:23:18 EDT" name="initialsetup" finished-at="2023-04-25T13:23:23 EDT" duration-ms="5007" status="PASS">
          <reporter-output>
          </reporter-output>
        </test-method> <!-- initialsetup -->
        <test-method signature="Login(java.lang.String,java.lang.String)[pri:3, instance:TestLayerPackage.TestLayerLogin@5c6648b0]" started-at="2023-04-25T13:23:23 EDT" name="Login" data-provider="LoginDetails" finished-at="2023-04-25T13:23:26 EDT" duration-ms="2863" status="PASS">
          <params>
            <param index="0">
              <value>
                <![CDATA[george]]>
              </value>
            </param>
            <param index="1">
              <value>
                <![CDATA[george123]]>
              </value>
            </param>
          </params>
          <reporter-output>
          </reporter-output>
        </test-method> <!-- Login -->
        <test-method is-config="true" signature="AfterMethod()[pri:0, instance:TestLayerPackage.TestLayerLogin@5c6648b0]" started-at="2023-04-25T13:23:26 EDT" name="AfterMethod" finished-at="2023-04-25T13:23:27 EDT" duration-ms="304" status="PASS">
          <reporter-output>
          </reporter-output>
        </test-method> <!-- AfterMethod -->
        <test-method is-config="true" signature="initialsetup()[pri:0, instance:TestLayerPackage.TestLayerLogin@5c6648b0]" started-at="2023-04-25T13:23:27 EDT" name="initialsetup" finished-at="2023-04-25T13:23:35 EDT" duration-ms="8400" status="PASS">
          <reporter-output>
          </reporter-output>
        </test-method> <!-- initialsetup -->
        <test-method signature="Login(java.lang.String,java.lang.String)[pri:3, instance:TestLayerPackage.TestLayerLogin@5c6648b0]" started-at="2023-04-25T13:23:35 EDT" name="Login" data-provider="LoginDetails" finished-at="2023-04-25T13:23:39 EDT" duration-ms="3816" status="PASS">
          <params>
            <param index="0">
              <value>
                <![CDATA[allen]]>
              </value>
            </param>
            <param index="1">
              <value>
                <![CDATA[allen123]]>
              </value>
            </param>
          </params>
          <reporter-output>
          </reporter-output>
        </test-method> <!-- Login -->
        <test-method is-config="true" signature="AfterMethod()[pri:0, instance:TestLayerPackage.TestLayerLogin@5c6648b0]" started-at="2023-04-25T13:23:39 EDT" name="AfterMethod" finished-at="2023-04-25T13:23:39 EDT" duration-ms="292" status="PASS">
          <reporter-output>
          </reporter-output>
        </test-method> <!-- AfterMethod -->
      </class> <!-- TestLayerPackage.TestLayerLogin -->
    </test> <!-- Default test -->
  </suite> <!-- Default suite -->
</testng-results>
