<?xml version="1.0" encoding="UTF-8"?>
<testng-results ignored="0" total="5" passed="5" failed="0" skipped="0">
  <reporter-output>
  </reporter-output>
  <suite started-at="2023-04-25T00:22:14 EDT" name="Default suite" finished-at="2023-04-25T00:23:21 EDT" duration-ms="67947">
    <groups>
    </groups>
    <test started-at="2023-04-25T00:22:14 EDT" name="Default test" finished-at="2023-04-25T00:23:21 EDT" duration-ms="67947">
      <class name="TestLayerPackage.TestLayerLogin">
        <test-method is-config="true" signature="initialsetup()[pri:0, instance:TestLayerPackage.TestLayerLogin@34a3d150]" started-at="2023-04-25T00:22:14 EDT" name="initialsetup" finished-at="2023-04-25T00:22:26 EDT" duration-ms="12623" status="PASS">
          <reporter-output>
          </reporter-output>
        </test-method> <!-- initialsetup -->
        <test-method signature="verifyTitle()[pri:1, instance:TestLayerPackage.TestLayerLogin@34a3d150]" started-at="2023-04-25T00:22:26 EDT" name="verifyTitle" finished-at="2023-04-25T00:22:26 EDT" duration-ms="25" status="PASS">
          <reporter-output>
          </reporter-output>
        </test-method> <!-- verifyTitle -->
        <test-method is-config="true" signature="AfterMethod()[pri:0, instance:TestLayerPackage.TestLayerLogin@34a3d150]" started-at="2023-04-25T00:22:26 EDT" name="AfterMethod" finished-at="2023-04-25T00:22:27 EDT" duration-ms="249" status="PASS">
          <reporter-output>
          </reporter-output>
        </test-method> <!-- AfterMethod -->
        <test-method is-config="true" signature="initialsetup()[pri:0, instance:TestLayerPackage.TestLayerLogin@34a3d150]" started-at="2023-04-25T00:22:27 EDT" name="initialsetup" finished-at="2023-04-25T00:22:34 EDT" duration-ms="7836" status="PASS">
          <reporter-output>
          </reporter-output>
        </test-method> <!-- initialsetup -->
        <test-method signature="validLogin()[pri:2, instance:TestLayerPackage.TestLayerLogin@34a3d150]" started-at="2023-04-25T00:22:34 EDT" name="validLogin" finished-at="2023-04-25T00:22:37 EDT" duration-ms="2785" status="PASS">
          <reporter-output>
          </reporter-output>
        </test-method> <!-- validLogin -->
        <test-method is-config="true" signature="AfterMethod()[pri:0, instance:TestLayerPackage.TestLayerLogin@34a3d150]" started-at="2023-04-25T00:22:37 EDT" name="AfterMethod" finished-at="2023-04-25T00:22:37 EDT" duration-ms="248" status="PASS">
          <reporter-output>
          </reporter-output>
        </test-method> <!-- AfterMethod -->
        <test-method is-config="true" signature="initialsetup()[pri:0, instance:TestLayerPackage.TestLayerLogin@34a3d150]" started-at="2023-04-25T00:22:39 EDT" name="initialsetup" finished-at="2023-04-25T00:22:49 EDT" duration-ms="9840" status="PASS">
          <reporter-output>
          </reporter-output>
        </test-method> <!-- initialsetup -->
        <test-method signature="Login(java.lang.String,java.lang.String)[pri:3, instance:TestLayerPackage.TestLayerLogin@34a3d150]" started-at="2023-04-25T00:22:49 EDT" name="Login" data-provider="LoginDetails" finished-at="2023-04-25T00:22:51 EDT" duration-ms="2745" status="PASS">
          <params>
            <param index="0">
              <value>
                <![CDATA[sam]]>
              </value>
            </param>
            <param index="1">
              <value>
                <![CDATA[sam123]]>
              </value>
            </param>
          </params>
          <reporter-output>
          </reporter-output>
        </test-method> <!-- Login -->
        <test-method is-config="true" signature="AfterMethod()[pri:0, instance:TestLayerPackage.TestLayerLogin@34a3d150]" started-at="2023-04-25T00:22:51 EDT" name="AfterMethod" finished-at="2023-04-25T00:22:52 EDT" duration-ms="266" status="PASS">
          <reporter-output>
          </reporter-output>
        </test-method> <!-- AfterMethod -->
        <test-method is-config="true" signature="initialsetup()[pri:0, instance:TestLayerPackage.TestLayerLogin@34a3d150]" started-at="2023-04-25T00:22:52 EDT" name="initialsetup" finished-at="2023-04-25T00:23:02 EDT" duration-ms="10502" status="PASS">
          <reporter-output>
          </reporter-output>
        </test-method> <!-- initialsetup -->
        <test-method signature="Login(java.lang.String,java.lang.String)[pri:3, instance:TestLayerPackage.TestLayerLogin@34a3d150]" started-at="2023-04-25T00:23:02 EDT" name="Login" data-provider="LoginDetails" finished-at="2023-04-25T00:23:06 EDT" duration-ms="3829" status="PASS">
          <params>
            <param index="0">
              <value>
                <![CDATA[george]]>
              </value>
            </param>
            <param index="1">
              <value>
                <![CDATA[george123]]>
              </value>
            </param>
          </params>
          <reporter-output>
          </reporter-output>
        </test-method> <!-- Login -->
        <test-method is-config="true" signature="AfterMethod()[pri:0, instance:TestLayerPackage.TestLayerLogin@34a3d150]" started-at="2023-04-25T00:23:06 EDT" name="AfterMethod" finished-at="2023-04-25T00:23:06 EDT" duration-ms="249" status="PASS">
          <reporter-output>
          </reporter-output>
        </test-method> <!-- AfterMethod -->
        <test-method is-config="true" signature="initialsetup()[pri:0, instance:TestLayerPackage.TestLayerLogin@34a3d150]" started-at="2023-04-25T00:23:06 EDT" name="initialsetup" finished-at="2023-04-25T00:23:17 EDT" duration-ms="11310" status="PASS">
          <reporter-output>
          </reporter-output>
        </test-method> <!-- initialsetup -->
        <test-method signature="Login(java.lang.String,java.lang.String)[pri:3, instance:TestLayerPackage.TestLayerLogin@34a3d150]" started-at="2023-04-25T00:23:17 EDT" name="Login" data-provider="LoginDetails" finished-at="2023-04-25T00:23:21 EDT" duration-ms="3828" status="PASS">
          <params>
            <param index="0">
              <value>
                <![CDATA[allen]]>
              </value>
            </param>
            <param index="1">
              <value>
                <![CDATA[allen123]]>
              </value>
            </param>
          </params>
          <reporter-output>
          </reporter-output>
        </test-method> <!-- Login -->
        <test-method is-config="true" signature="AfterMethod()[pri:0, instance:TestLayerPackage.TestLayerLogin@34a3d150]" started-at="2023-04-25T00:23:21 EDT" name="AfterMethod" finished-at="2023-04-25T00:23:21 EDT" duration-ms="246" status="PASS">
          <reporter-output>
          </reporter-output>
        </test-method> <!-- AfterMethod -->
      </class> <!-- TestLayerPackage.TestLayerLogin -->
    </test> <!-- Default test -->
  </suite> <!-- Default suite -->
</testng-results>
